-------------------------------------------------------------------------------
Test set: org.customproject.customapp.AppComponentTest
-------------------------------------------------------------------------------
Tests run: 1, Failures: 0, Errors: 1, Skipped: 0, Time elapsed: 0.118 s <<< FAILURE! - in org.customproject.customapp.AppComponentTest
basics(org.customproject.customapp.AppComponentTest)  Time elapsed: 0 s  <<< ERROR!
java.lang.NullPointerException
	at org.customproject.customapp.AppComponentTest.setUp(AppComponentTest.java:34)

